<?xml version="1.0" encoding="UTF-8"?>
<!-- Generated by org.testng.reporters.JUnitReportReporter -->
<testsuite skipped="0" hostname="19bf7218dcb4" name="com.automationpractice.tests.LoginTest" tests="1" failures="0" timestamp="13 Jul 2020 18:35:49 GMT" time="12.429" errors="0">
  <testcase name="testForLoginWithValidCredentials" time="12.429" classname="com.automationpractice.tests.LoginTest"/>
</testsuite> <!-- com.automationpractice.tests.LoginTest -->
