<?xml version="1.0" encoding="UTF-8"?>
<!-- Generated by org.testng.reporters.JUnitReportReporter -->
<testsuite skipped="0" hostname="19bf7218dcb4" name="com.automationpractice.tests.EndToEndTestCases" tests="6" failures="0" timestamp="13 Jul 2020 18:35:49 GMT" time="29.259" errors="0">
  <testcase name="testAddProductToCart" time="7.535" classname="com.automationpractice.tests.EndToEndTestCases"/>
  <testcase name="testForAddress" time="1.937" classname="com.automationpractice.tests.EndToEndTestCases"/>
  <testcase name="testForShipping" time="1.937" classname="com.automationpractice.tests.EndToEndTestCases"/>
  <testcase name="LoginWithValidCredentials" time="8.512" classname="com.automationpractice.tests.EndToEndTestCases"/>
  <testcase name="testForOrderConfirmation" time="6.594" classname="com.automationpractice.tests.EndToEndTestCases"/>
  <testcase name="testForPayment" time="2.744" classname="com.automationpractice.tests.EndToEndTestCases"/>
</testsuite> <!-- com.automationpractice.tests.EndToEndTestCases -->
